<?xml version="1.0" encoding="UTF-8"?>
<!-- Generated by org.testng.reporters.JUnitReportReporter -->
<testsuite skipped="0" hostname="DESKTOP-I7QHUC2" name="utils.TestBase" tests="1" failures="0" timestamp="27 Apr 2020 02:15:37 GMT" time="0.007" errors="0">
  <testcase name="initializeDriver" time="0.007" classname="utils.TestBase"/>
</testsuite> <!-- utils.TestBase -->
